# JRE version: Java(TM) SE Runtime Environment (8.0_112-b15) (build 1.8.0_112-b15)
# Java VM: Java HotSpot(TM) Client VM (25.112-b15 mixed mode windows-x86 )
Heap:
 def new generation   total 9216K, used 3307K [0x03e00000, 0x047f0000, 0x09350000)
  eden space 8256K,  40% used [0x03e00000, 0x0413aed8, 0x04610000)
  from space 960K,   0% used [0x04700000, 0x04700000, 0x047f0000)
  to   space 960K,   0% used [0x04610000, 0x04610000, 0x04700000)
 tenured generation   total 20216K, used 17173K [0x09350000, 0x0a70e000, 0x13e00000)
   the space 20216K,  84% used [0x09350000, 0x0a4156d8, 0x0a415800, 0x0a70e000)
 Metaspace       used 16746K, capacity 16957K, committed 17024K, reserved 17792K
GC Heap History (10 events):
Event: 11.338 GC heap before
{Heap before GC invocations=81 (full 5):
 def new generation   total 9216K, used 8420K [0x03e00000, 0x047f0000, 0x09350000)
  eden space 8256K, 100% used [0x03e00000, 0x04610000, 0x04610000)
  from space 960K,  17% used [0x04610000, 0x04639038, 0x04700000)
  to   space 960K,   0% used [0x04700000, 0x04700000, 0x047f0000)
 tenured generation   total 20216K, used 13029K [0x09350000, 0x0a70e000, 0x13e00000)
   the space 20216K,  64% used [0x09350000, 0x0a009730, 0x0a009800, 0x0a70e000)
 Metaspace       used 16671K, capacity 16893K, committed 17024K, reserved 17792K
Event: 11.339 GC heap after
Heap after GC invocations=82 (full 5):
 def new generation   total 9216K, used 746K [0x03e00000, 0x047f0000, 0x09350000)
  eden space 8256K,   0% used [0x03e00000, 0x03e00000, 0x04610000)
  from space 960K,  77% used [0x04700000, 0x047ba840, 0x047f0000)
  to   space 960K,   0% used [0x04610000, 0x04610000, 0x04700000)
 tenured generation   total 20216K, used 13029K [0x09350000, 0x0a70e000, 0x13e00000)
   the space 20216K,  64% used [0x09350000, 0x0a009730, 0x0a009800, 0x0a70e000)
 Metaspace       used 16671K, capacity 16893K, committed 17024K, reserved 17792K
}
Event: 12.100 GC heap before
{Heap before GC invocations=82 (full 5):
 def new generation   total 9216K, used 7071K [0x03e00000, 0x047f0000, 0x09350000)
  eden space 8256K,  76% used [0x03e00000, 0x0442d5f0, 0x04610000)
  from space 960K,  77% used [0x04700000, 0x047ba840, 0x047f0000)
  to   space 960K,   0% used [0x04610000, 0x04610000, 0x04700000)
 tenured generation   total 20216K, used 13029K [0x09350000, 0x0a70e000, 0x13e00000)
   the space 20216K,  64% used [0x09350000, 0x0a009730, 0x0a009800, 0x0a70e000)
 Metaspace       used 16671K, capacity 16893K, committed 17024K, reserved 17792K
Event: 12.102 GC heap after
Heap after GC invocations=83 (full 5):
 def new generation   total 9216K, used 391K [0x03e00000, 0x047f0000, 0x09350000)
  eden space 8256K,   0% used [0x03e00000, 0x03e00000, 0x04610000)
  from space 960K,  40% used [0x04610000, 0x04671da8, 0x04700000)
  to   space 960K,   0% used [0x04700000, 0x04700000, 0x047f0000)
 tenured generation   total 20216K, used 13139K [0x09350000, 0x0a70e000, 0x13e00000)
   the space 20216K,  64% used [0x09350000, 0x0a024d20, 0x0a024e00, 0x0a70e000)
 Metaspace       used 16671K, capacity 16893K, committed 17024K, reserved 17792K
}
Event: 12.136 GC heap before
{Heap before GC invocations=83 (full 5):
 def new generation   total 9216K, used 8391K [0x03e00000, 0x047f0000, 0x09350000)
  eden space 8256K,  96% used [0x03e00000, 0x045d01d8, 0x04610000)
  from space 960K,  40% used [0x04610000, 0x04671da8, 0x04700000)
  to   space 960K,   0% used [0x04700000, 0x04700000, 0x047f0000)
 tenured generation   total 20216K, used 13139K [0x09350000, 0x0a70e000, 0x13e00000)
   the space 20216K,  64% used [0x09350000, 0x0a024d20, 0x0a024e00, 0x0a70e000)
 Metaspace       used 16671K, capacity 16893K, committed 17024K, reserved 17792K
Event: 12.137 GC heap after
Heap after GC invocations=84 (full 5):
 def new generation   total 9216K, used 302K [0x03e00000, 0x047f0000, 0x09350000)
  eden space 8256K,   0% used [0x03e00000, 0x03e00000, 0x04610000)
  from space 960K,  31% used [0x04700000, 0x0474bbb0, 0x047f0000)
  to   space 960K,   0% used [0x04610000, 0x04610000, 0x04700000)
 tenured generation   total 20216K, used 13139K [0x09350000, 0x0a70e000, 0x13e00000)
   the space 20216K,  64% used [0x09350000, 0x0a024d20, 0x0a024e00, 0x0a70e000)
 Metaspace       used 16671K, capacity 16893K, committed 17024K, reserved 17792K
}
Event: 12.146 GC heap before
{Heap before GC invocations=84 (full 5):
 def new generation   total 9216K, used 8543K [0x03e00000, 0x047f0000, 0x09350000)
  eden space 8256K,  99% used [0x03e00000, 0x0460c3b0, 0x04610000)
  from space 960K,  31% used [0x04700000, 0x0474bbb0, 0x047f0000)
  to   space 960K,   0% used [0x04610000, 0x04610000, 0x04700000)
 tenured generation   total 20216K, used 13139K [0x09350000, 0x0a70e000, 0x13e00000)
   the space 20216K,  64% used [0x09350000, 0x0a024d20, 0x0a024e00, 0x0a70e000)
 Metaspace       used 16671K, capacity 16893K, committed 17024K, reserved 17792K
Event: 12.148 GC heap after
Heap after GC invocations=85 (full 5):
 def new generation   total 9216K, used 959K [0x03e00000, 0x047f0000, 0x09350000)
  eden space 8256K,   0% used [0x03e00000, 0x03e00000, 0x04610000)
  from space 960K,  99% used [0x04610000, 0x046ffff8, 0x04700000)
  to   space 960K,   0% used [0x04700000, 0x04700000, 0x047f0000)
 tenured generation   total 20216K, used 16213K [0x09350000, 0x0a70e000, 0x13e00000)
   the space 20216K,  80% used [0x09350000, 0x0a3256e0, 0x0a325800, 0x0a70e000)
 Metaspace       used 16671K, capacity 16893K, committed 17024K, reserved 17792K
}
Event: 12.165 GC heap before
{Heap before GC invocations=85 (full 5):
 def new generation   total 9216K, used 9213K [0x03e00000, 0x047f0000, 0x09350000)
  eden space 8256K,  99% used [0x03e00000, 0x0460f688, 0x04610000)
  from space 960K,  99% used [0x04610000, 0x046ffff8, 0x04700000)
  to   space 960K,   0% used [0x04700000, 0x04700000, 0x047f0000)
 tenured generation   total 20216K, used 16213K [0x09350000, 0x0a70e000, 0x13e00000)
   the space 20216K,  80% used [0x09350000, 0x0a3256e0, 0x0a325800, 0x0a70e000)
 Metaspace       used 16671K, capacity 16893K, committed 17024K, reserved 17792K
Event: 12.166 GC heap after
Heap after GC invocations=86 (full 5):
 def new generation   total 9216K, used 0K [0x03e00000, 0x047f0000, 0x09350000)
  eden space 8256K,   0% used [0x03e00000, 0x03e00000, 0x04610000)
  from space 960K,   0% used [0x04700000, 0x04700000, 0x047f0000)
  to   space 960K,   0% used [0x04610000, 0x04610000, 0x04700000)
 tenured generation   total 20216K, used 17173K [0x09350000, 0x0a70e000, 0x13e00000)
   the space 20216K,  84% used [0x09350000, 0x0a4156d8, 0x0a415800, 0x0a70e000)
 Metaspace       used 16671K, capacity 16893K, committed 17024K, reserved 17792K
}

