# JRE version: Java(TM) SE Runtime Environment (8.0_112-b15) (build 1.8.0_112-b15)
# Java VM: Java HotSpot(TM) Client VM (25.112-b15 mixed mode windows-x86 )
Heap:
 def new generation   total 10368K, used 2955K [0x03c00000, 0x04730000, 0x09150000)
  eden space 9280K,  27% used [0x03c00000, 0x03e85f68, 0x04510000)
  from space 1088K,  34% used [0x04510000, 0x0456ccf0, 0x04620000)
  to   space 1088K,   0% used [0x04620000, 0x04620000, 0x04730000)
 tenured generation   total 22836K, used 17310K [0x09150000, 0x0a79d000, 0x13c00000)
   the space 22836K,  75% used [0x09150000, 0x0a2378f8, 0x0a237a00, 0x0a79d000)
 Metaspace       used 16841K, capacity 17063K, committed 17152K, reserved 17792K
GC Heap History (10 events):
Event: 11.294 GC heap before
{Heap before GC invocations=82 (full 5):
 def new generation   total 9024K, used 7845K [0x03c00000, 0x045c0000, 0x09150000)
  eden space 8064K,  85% used [0x03c00000, 0x042b9478, 0x043e0000)
  from space 960K, 100% used [0x044d0000, 0x045c0000, 0x045c0000)
  to   space 960K,   0% used [0x043e0000, 0x043e0000, 0x044d0000)
 tenured generation   total 19888K, used 16689K [0x09150000, 0x0a4bc000, 0x13c00000)
   the space 19888K,  83% used [0x09150000, 0x0a19c5f0, 0x0a19c600, 0x0a4bc000)
 Metaspace       used 16302K, capacity 16533K, committed 16640K, reserved 16768K
Event: 11.328 GC heap after
Heap after GC invocations=83 (full 6):
 def new generation   total 10368K, used 0K [0x03c00000, 0x04730000, 0x09150000)
  eden space 9280K,   0% used [0x03c00000, 0x03c00000, 0x04510000)
  from space 1088K,   0% used [0x04510000, 0x04510000, 0x04620000)
  to   space 1088K,   0% used [0x04620000, 0x04620000, 0x04730000)
 tenured generation   total 22836K, used 13701K [0x09150000, 0x0a79d000, 0x13c00000)
   the space 22836K,  59% used [0x09150000, 0x09eb1648, 0x09eb1800, 0x0a79d000)
 Metaspace       used 16302K, capacity 16533K, committed 16640K, reserved 16768K
}
Event: 11.336 GC heap before
{Heap before GC invocations=83 (full 6):
 def new generation   total 10368K, used 9273K [0x03c00000, 0x04730000, 0x09150000)
  eden space 9280K,  99% used [0x03c00000, 0x0450e5d8, 0x04510000)
  from space 1088K,   0% used [0x04510000, 0x04510000, 0x04620000)
  to   space 1088K,   0% used [0x04620000, 0x04620000, 0x04730000)
 tenured generation   total 22836K, used 13701K [0x09150000, 0x0a79d000, 0x13c00000)
   the space 22836K,  59% used [0x09150000, 0x09eb1648, 0x09eb1800, 0x0a79d000)
 Metaspace       used 16302K, capacity 16533K, committed 16640K, reserved 16768K
Event: 11.338 GC heap after
Heap after GC invocations=84 (full 6):
 def new generation   total 10368K, used 911K [0x03c00000, 0x04730000, 0x09150000)
  eden space 9280K,   0% used [0x03c00000, 0x03c00000, 0x04510000)
  from space 1088K,  83% used [0x04620000, 0x04703d60, 0x04730000)
  to   space 1088K,   0% used [0x04510000, 0x04510000, 0x04620000)
 tenured generation   total 22836K, used 16398K [0x09150000, 0x0a79d000, 0x13c00000)
   the space 22836K,  71% used [0x09150000, 0x0a153b98, 0x0a153c00, 0x0a79d000)
 Metaspace       used 16302K, capacity 16533K, committed 16640K, reserved 16768K
}
Event: 11.350 GC heap before
{Heap before GC invocations=84 (full 6):
 def new generation   total 10368K, used 10205K [0x03c00000, 0x04730000, 0x09150000)
  eden space 9280K,  99% used [0x03c00000, 0x0450e268, 0x04510000)
  from space 1088K,  85% used [0x04620000, 0x047092d0, 0x04730000)
  to   space 1088K,   0% used [0x04510000, 0x04510000, 0x04620000)
 tenured generation   total 22836K, used 16398K [0x09150000, 0x0a79d000, 0x13c00000)
   the space 22836K,  71% used [0x09150000, 0x0a153b98, 0x0a153c00, 0x0a79d000)
 Metaspace       used 16302K, capacity 16533K, committed 16640K, reserved 16768K
Event: 11.351 GC heap after
Heap after GC invocations=85 (full 6):
 def new generation   total 10368K, used 21K [0x03c00000, 0x04730000, 0x09150000)
  eden space 9280K,   0% used [0x03c00000, 0x03c00000, 0x04510000)
  from space 1088K,   1% used [0x04510000, 0x04515570, 0x04620000)
  to   space 1088K,   0% used [0x04620000, 0x04620000, 0x04730000)
 tenured generation   total 22836K, used 17310K [0x09150000, 0x0a79d000, 0x13c00000)
   the space 22836K,  75% used [0x09150000, 0x0a2378f8, 0x0a237a00, 0x0a79d000)
 Metaspace       used 16302K, capacity 16533K, committed 16640K, reserved 16768K
}
Event: 11.364 GC heap before
{Heap before GC invocations=85 (full 6):
 def new generation   total 10368K, used 9301K [0x03c00000, 0x04730000, 0x09150000)
  eden space 9280K, 100% used [0x03c00000, 0x04510000, 0x04510000)
  from space 1088K,   1% used [0x04510000, 0x04515570, 0x04620000)
  to   space 1088K,   0% used [0x04620000, 0x04620000, 0x04730000)
 tenured generation   total 22836K, used 17310K [0x09150000, 0x0a79d000, 0x13c00000)
   the space 22836K,  75% used [0x09150000, 0x0a2378f8, 0x0a237a00, 0x0a79d000)
 Metaspace       used 16304K, capacity 16533K, committed 16640K, reserved 16768K
Event: 11.365 GC heap after
Heap after GC invocations=86 (full 6):
 def new generation   total 10368K, used 2K [0x03c00000, 0x04730000, 0x09150000)
  eden space 9280K,   0% used [0x03c00000, 0x03c00000, 0x04510000)
  from space 1088K,   0% used [0x04620000, 0x04620978, 0x04730000)
  to   space 1088K,   0% used [0x04510000, 0x04510000, 0x04620000)
 tenured generation   total 22836K, used 17310K [0x09150000, 0x0a79d000, 0x13c00000)
   the space 22836K,  75% used [0x09150000, 0x0a2378f8, 0x0a237a00, 0x0a79d000)
 Metaspace       used 16304K, capacity 16533K, committed 16640K, reserved 16768K
}
Event: 13.642 GC heap before
{Heap before GC invocations=86 (full 6):
 def new generation   total 10368K, used 9282K [0x03c00000, 0x04730000, 0x09150000)
  eden space 9280K, 100% used [0x03c00000, 0x04510000, 0x04510000)
  from space 1088K,   0% used [0x04620000, 0x04620978, 0x04730000)
  to   space 1088K,   0% used [0x04510000, 0x04510000, 0x04620000)
 tenured generation   total 22836K, used 17310K [0x09150000, 0x0a79d000, 0x13c00000)
   the space 22836K,  75% used [0x09150000, 0x0a2378f8, 0x0a237a00, 0x0a79d000)
 Metaspace       used 16694K, capacity 16917K, committed 17024K, reserved 17792K
Event: 13.649 GC heap after
Heap after GC invocations=87 (full 6):
 def new generation   total 10368K, used 371K [0x03c00000, 0x04730000, 0x09150000)
  eden space 9280K,   0% used [0x03c00000, 0x03c00000, 0x04510000)
  from space 1088K,  34% used [0x04510000, 0x0456ccf0, 0x04620000)
  to   space 1088K,   0% used [0x04620000, 0x04620000, 0x04730000)
 tenured generation   total 22836K, used 17310K [0x09150000, 0x0a79d000, 0x13c00000)
   the space 22836K,  75% used [0x09150000, 0x0a2378f8, 0x0a237a00, 0x0a79d000)
 Metaspace       used 16694K, capacity 16917K, committed 17024K, reserved 17792K
}

